<?xml version="1.0" encoding="UTF-8"?>
<!-- Generated by org.testng.reporters.JUnitReportReporter -->
<testsuite skipped="0" hostname="TarunLaptop" name="weatherShopperTest.AssignmentTC3" tests="1" failures="0" timestamp="2021-11-30T15:23:21 IST" time="62.140" errors="0">
  <testcase name="verifyCreationOfNextedPage" time="62.140" classname="weatherShopperTest.AssignmentTC3"/>
  <system-out/>
</testsuite> <!-- weatherShopperTest.AssignmentTC3 -->
