<?xml version="1.0" encoding="UTF-8"?>
<!-- Generated by org.testng.reporters.JUnitReportReporter -->
<testsuite skipped="0" hostname="TarunLaptop" name="weatherShopperTest.AssignmentTC1" tests="1" failures="0" timestamp="2021-11-29T19:24:34 IST" time="55.778" errors="0">
  <testcase name="verifyRandomReactionOnPost" time="55.778" classname="weatherShopperTest.AssignmentTC1"/>
  <system-out/>
</testsuite> <!-- weatherShopperTest.AssignmentTC1 -->
