<?xml version="1.0" encoding="UTF-8"?>
<!-- Generated by org.testng.reporters.JUnitReportReporter -->
<testsuite skipped="0" hostname="TarunLaptop" name="weatherShopperTest.AssignmentTC2" tests="1" failures="0" timestamp="2021-11-30T15:23:21 IST" time="49.817" errors="0">
  <testcase name="verifyPublishingOfAssignment" time="49.817" classname="weatherShopperTest.AssignmentTC2"/>
  <system-out/>
</testsuite> <!-- weatherShopperTest.AssignmentTC2 -->
