<?xml version="1.0" encoding="UTF-8"?>
<!-- Generated by org.testng.reporters.JUnitReportReporter -->
<testsuite skipped="0" hostname="TarunLaptop" name="weatherShopperTest.AssignmentTC1" tests="1" failures="0" timestamp="2021-11-30T15:23:21 IST" time="82.342" errors="0">
  <testcase name="verifyRandomReactionOnPost" time="82.342" classname="weatherShopperTest.AssignmentTC1"/>
  <system-out/>
</testsuite> <!-- weatherShopperTest.AssignmentTC1 -->
