<?xml version="1.0" encoding="UTF-8"?>
<!-- Generated by org.testng.reporters.JUnitReportReporter -->
<testsuite skipped="0" hostname="TarunLaptop" name="weatherShopperTest.AssignmentTC2" tests="1" failures="0" timestamp="2021-11-28T23:46:13 IST" time="45.727" errors="0">
  <testcase name="loginHappeo" time="45.727" classname="weatherShopperTest.AssignmentTC2"/>
  <system-out/>
</testsuite> <!-- weatherShopperTest.AssignmentTC2 -->
