<?xml version="1.0" encoding="UTF-8"?>
<!-- Generated by org.testng.reporters.JUnitReportReporter -->
<testsuite skipped="0" hostname="TarunLaptop" name="weatherShopperTest.AssignmentTC1" tests="1" failures="0" timestamp="2021-12-06T02:08:38 IST" time="27.561" errors="0">
  <testcase name="verifyWeatherShopperEndToEnd_T1" time="27.561" classname="weatherShopperTest.AssignmentTC1"/>
  <system-out/>
</testsuite> <!-- weatherShopperTest.AssignmentTC1 -->
