<?xml version="1.0" encoding="UTF-8"?>
<!-- Generated by org.testng.reporters.JUnitReportReporter -->
<testsuite skipped="0" hostname="TarunLaptop" name="weatherShopperTest.AssignmentTC3" tests="1" failures="0" timestamp="2021-11-28T23:46:13 IST" time="59.258" errors="0">
  <testcase name="loginHappeo" time="59.258" classname="weatherShopperTest.AssignmentTC3"/>
  <system-out/>
</testsuite> <!-- weatherShopperTest.AssignmentTC3 -->
