<?xml version="1.0" encoding="UTF-8"?>
<!-- Generated by org.testng.reporters.JUnitReportReporter -->
<testsuite skipped="0" hostname="TarunLaptop" name="weatherShopperPages.LoginPage" tests="1" failures="0" timestamp="2021-11-16T20:20:12 IST" time="54.244" errors="0">
  <testcase name="loginHappeo" time="54.244" classname="weatherShopperPages.LoginPage"/>
  <system-out/>
</testsuite> <!-- weatherShopperPages.LoginPage -->
