<?xml version="1.0" encoding="UTF-8"?>
<!-- Generated by org.testng.reporters.JUnitReportReporter -->
<testsuite skipped="0" hostname="TarunLaptop" name="weatherShopperTest.AssignmentTC2" tests="1" failures="0" timestamp="2021-12-06T02:08:38 IST" time="28.557" errors="0">
  <testcase name="verifyWeatherShopperEndToEnd_T2" time="28.557" classname="weatherShopperTest.AssignmentTC2"/>
  <system-out/>
</testsuite> <!-- weatherShopperTest.AssignmentTC2 -->
